2026-03-07 08:23:16 - Starting Energy Usage Pipeline...
2026-03-07 08:23:16 - Script directory: /home/rae_admin/joomla-greenoffice/ops/energy
2026-03-07 08:23:16 - Output directory (canonical): /home/rae_admin/joomla-greenoffice/joomla_data/images/data/energy
2026-03-07 08:23:16 - Ensuring output dir exists and is writable: /home/rae_admin/joomla-greenoffice/joomla_data/images/data/energy
[0;32mâś“ Output dir writable[0m
2026-03-07 08:23:16 - Checking for existing files to backup...
2026-03-07 08:23:16 - Backed up CSV to: /home/rae_admin/joomla-greenoffice/joomla_data/images/data/energy/_bak/energy_electricity_2567-2568_v1_20260307_082316.csv
2026-03-07 08:23:16 - Backed up dashboard to: /home/rae_admin/joomla-greenoffice/joomla_data/images/data/energy/_bak/dashboard_20260307_082316.html
2026-03-07 08:23:16 - Checking Python dependencies...
[0;32mâś“ Dependencies OK[0m
2026-03-07 08:23:17 - Running Excel import...
[0;32mâś“ Excel import completed[0m
2026-03-07 08:23:18 - Running DB vs Excel verification...
[0;32mâś“ Verification passed[0m
2026-03-07 08:23:18 - Running DB export to CSV...
[0;32mâś“ CSV export completed[0m
2026-03-07 08:23:19 - Verifying deployment...
[0;32mâś“ CSV file has 25 lines (header + 24 rows)[0m
[0;32mâś“ CSV header is correct[0m
[0;32mâś“ Database contains 24 records (expected 24)[0m
[0;32mâś“ Energy Usage Pipeline completed successfully![0m
